Started by user [8mha:////4Atjz4mlmERI8mhRZycBxX3UnMI0FJYlp95P16q0/jJaAAAAlx+LCAAAAAAAAP9b85aBtbiIQTGjNKU4P08vOT+vOD8nVc83PyU1x6OyILUoJzMv2y+/JJUBAhiZGBgqihhk0NSjKDWzXb3RdlLBUSYGJk8GtpzUvPSSDB8G5tKinBIGIZ+sxLJE/ZzEvHT94JKizLx0a6BxUmjGOUNodHsLgAzWEgZu/dLi1CL9xJTczDwAj6GcLcAAAAA=[0madmin
Running as SYSTEM
Building in workspace /var/lib/jenkins/workspace/build
The recommended git tool is: NONE
No credentials specified
Cloning the remote Git repository
Cloning repository https://github.com/suhaspd2510/java-test.git
 > git init /var/lib/jenkins/workspace/build # timeout=10
Fetching upstream changes from https://github.com/suhaspd2510/java-test.git
 > git --version # timeout=10
 > git --version # 'git version 2.25.1'
 > git fetch --tags --force --progress -- https://github.com/suhaspd2510/java-test.git +refs/heads/*:refs/remotes/origin/* # timeout=10
 > git config remote.origin.url https://github.com/suhaspd2510/java-test.git # timeout=10
 > git config --add remote.origin.fetch +refs/heads/*:refs/remotes/origin/* # timeout=10
Avoid second fetch
 > git rev-parse refs/remotes/origin/master^{commit} # timeout=10
Checking out Revision a973e09ab9beb90d098ddfdc3d47d6a312200521 (refs/remotes/origin/master)
 > git config core.sparsecheckout # timeout=10
 > git checkout -f a973e09ab9beb90d098ddfdc3d47d6a312200521 # timeout=10
Commit message: "java source code"
First time build. Skipping changelog.
[build] $ /bin/sh -xe /tmp/jenkins12665620440820933511.sh
+ cd /var/lib/jenkins/workspace
+ mvn clean install
[INFO] Scanning for projects...
[INFO] ------------------------------------------------------------------------
[INFO] BUILD FAILURE
[INFO] ------------------------------------------------------------------------
[INFO] Total time:  0.187 s
[INFO] Finished at: 2021-07-18T11:54:01Z
[INFO] ------------------------------------------------------------------------
[ERROR] The goal you specified requires a project to execute but there is no POM in this directory (/var/lib/jenkins/workspace). Please verify you invoked Maven from the correct directory. -> [Help 1]
[ERROR] 
[ERROR] To see the full stack trace of the errors, re-run Maven with the -e switch.
[ERROR] Re-run Maven using the -X switch to enable full debug logging.
[ERROR] 
[ERROR] For more information about the errors and possible solutions, please read the following articles:
[ERROR] [Help 1] http://cwiki.apache.org/confluence/display/MAVEN/MissingProjectException
Build step 'Execute shell' marked build as failure
Finished: FAILURE
